<?xml version="1.0" encoding="UTF-8"?>
<!-- Generated by org.testng.reporters.JUnitXMLReporter -->
<testsuite hostname="DESKTOP-4LAGA66" name="BankingApp Test" tests="7" failures="4" timestamp="11 Aug 2019 15:57:50 GMT" time="120.134" errors="0">
  <testcase name="logintest" time="8.947" classname="com.testbanking.TestCases.Logintest_001"/>
  <testcase name="loginDDT" time="17.739" classname="com.testbanking.TestCases.TC_LoginDDT_002"/>
  <testcase name="loginDDT" time="9.072" classname="com.testbanking.TestCases.TC_LoginDDT_002">
    <failure type="java.lang.AssertionError" message="expected [true] but found [false]">
      <![CDATA[java.lang.AssertionError: expected [true] but found [false]
	at com.testbanking.TestCases.TC_LoginDDT_002.loginDDT(TC_LoginDDT_002.java:36)
... Removed 28 stack frames]]>
    </failure>
  </testcase> <!-- loginDDT -->
  <testcase name="loginDDT" time="10.047" classname="com.testbanking.TestCases.TC_LoginDDT_002">
    <failure type="java.lang.AssertionError" message="expected [true] but found [false]">
      <![CDATA[java.lang.AssertionError: expected [true] but found [false]
	at com.testbanking.TestCases.TC_LoginDDT_002.loginDDT(TC_LoginDDT_002.java:36)
... Removed 28 stack frames]]>
    </failure>
  </testcase> <!-- loginDDT -->
  <testcase name="loginDDT" time="11.836" classname="com.testbanking.TestCases.TC_LoginDDT_002">
    <failure type="java.lang.AssertionError" message="expected [true] but found [false]">
      <![CDATA[java.lang.AssertionError: expected [true] but found [false]
	at com.testbanking.TestCases.TC_LoginDDT_002.loginDDT(TC_LoginDDT_002.java:36)
... Removed 28 stack frames]]>
    </failure>
  </testcase> <!-- loginDDT -->
  <testcase name="loginDDT" time="9.128" classname="com.testbanking.TestCases.TC_LoginDDT_002">
    <failure type="java.lang.AssertionError" message="expected [true] but found [false]">
      <![CDATA[java.lang.AssertionError: expected [true] but found [false]
	at com.testbanking.TestCases.TC_LoginDDT_002.loginDDT(TC_LoginDDT_002.java:36)
... Removed 28 stack frames]]>
    </failure>
  </testcase> <!-- loginDDT -->
  <testcase name="addNewCustomer" time="19.361" classname="com.testbanking.TestCases.TC_AddCustomerTest_003"/>
</testsuite> <!-- BankingApp Test -->
